# JRE version: Java(TM) SE Runtime Environment (8.0_181-b13) (build 1.8.0_181-b13)
# Java VM: Java HotSpot(TM) 64-Bit Server VM (25.181-b13 mixed mode windows-amd64 compressed oops)
Heap:
 PSYoungGen      total 67584K, used 15625K [0x00000000ed300000, 0x00000000f5600000, 0x0000000100000000)
  eden space 61440K, 24% used [0x00000000ed300000,0x00000000ee1bb718,0x00000000f0f00000)
  from space 6144K, 8% used [0x00000000f0f00000,0x00000000f0f86fb0,0x00000000f1500000)
  to   space 5632K, 0% used [0x00000000f5080000,0x00000000f5080000,0x00000000f5600000)
 ParOldGen       total 39936K, used 23711K [0x00000000c7800000, 0x00000000c9f00000, 0x00000000ed300000)
  object space 39936K, 59% used [0x00000000c7800000,0x00000000c8f27cc8,0x00000000c9f00000)
 Metaspace       used 13525K, capacity 13759K, committed 13952K, reserved 1060864K
  class space    used 1562K, capacity 1655K, committed 1664K, reserved 1048576K
GC Heap History (10 events):
Event: 2.520 GC heap before
{Heap before GC invocations=3 (full 0):
 PSYoungGen      total 17408K, used 17313K [0x00000000ed300000, 0x00000000ef500000, 0x0000000100000000)
  eden space 15360K, 100% used [0x00000000ed300000,0x00000000ee200000,0x00000000ee200000)
  from space 2048K, 95% used [0x00000000ee400000,0x00000000ee5e84a8,0x00000000ee600000)
  to   space 2048K, 0% used [0x00000000ee200000,0x00000000ee200000,0x00000000ee400000)
 ParOldGen       total 39936K, used 6842K [0x00000000c7800000, 0x00000000c9f00000, 0x00000000ed300000)
  object space 39936K, 17% used [0x00000000c7800000,0x00000000c7eaeb48,0x00000000c9f00000)
 Metaspace       used 8834K, capacity 8983K, committed 9216K, reserved 1056768K
  class space    used 929K, capacity 986K, committed 1024K, reserved 1048576K
Event: 2.551 GC heap after
Heap after GC invocations=3 (full 0):
 PSYoungGen      total 17408K, used 888K [0x00000000ed300000, 0x00000000ef500000, 0x0000000100000000)
  eden space 15360K, 0% used [0x00000000ed300000,0x00000000ed300000,0x00000000ee200000)
  from space 2048K, 43% used [0x00000000ee200000,0x00000000ee2de020,0x00000000ee400000)
  to   space 2048K, 0% used [0x00000000ef300000,0x00000000ef300000,0x00000000ef500000)
 ParOldGen       total 39936K, used 15034K [0x00000000c7800000, 0x00000000c9f00000, 0x00000000ed300000)
  object space 39936K, 37% used [0x00000000c7800000,0x00000000c86aeb68,0x00000000c9f00000)
 Metaspace       used 8834K, capacity 8983K, committed 9216K, reserved 1056768K
  class space    used 929K, capacity 986K, committed 1024K, reserved 1048576K
}
Event: 2.604 GC heap before
{Heap before GC invocations=4 (full 0):
 PSYoungGen      total 17408K, used 16248K [0x00000000ed300000, 0x00000000ef500000, 0x0000000100000000)
  eden space 15360K, 100% used [0x00000000ed300000,0x00000000ee200000,0x00000000ee200000)
  from space 2048K, 43% used [0x00000000ee200000,0x00000000ee2de020,0x00000000ee400000)
  to   space 2048K, 0% used [0x00000000ef300000,0x00000000ef300000,0x00000000ef500000)
 ParOldGen       total 39936K, used 15034K [0x00000000c7800000, 0x00000000c9f00000, 0x00000000ed300000)
  object space 39936K, 37% used [0x00000000c7800000,0x00000000c86aeb68,0x00000000c9f00000)
 Metaspace       used 8841K, capacity 8983K, committed 9216K, reserved 1056768K
  class space    used 929K, capacity 986K, committed 1024K, reserved 1048576K
Event: 2.626 GC heap after
Heap after GC invocations=4 (full 0):
 PSYoungGen      total 32768K, used 872K [0x00000000ed300000, 0x00000000ef500000, 0x0000000100000000)
  eden space 30720K, 0% used [0x00000000ed300000,0x00000000ed300000,0x00000000ef100000)
  from space 2048K, 42% used [0x00000000ef300000,0x00000000ef3da030,0x00000000ef500000)
  to   space 2048K, 0% used [0x00000000ef100000,0x00000000ef100000,0x00000000ef300000)
 ParOldGen       total 39936K, used 15034K [0x00000000c7800000, 0x00000000c9f00000, 0x00000000ed300000)
  object space 39936K, 37% used [0x00000000c7800000,0x00000000c86aeb68,0x00000000c9f00000)
 Metaspace       used 8841K, capacity 8983K, committed 9216K, reserved 1056768K
  class space    used 929K, capacity 986K, committed 1024K, reserved 1048576K
}
Event: 2.767 GC heap before
{Heap before GC invocations=5 (full 0):
 PSYoungGen      total 32768K, used 31592K [0x00000000ed300000, 0x00000000ef500000, 0x0000000100000000)
  eden space 30720K, 100% used [0x00000000ed300000,0x00000000ef100000,0x00000000ef100000)
  from space 2048K, 42% used [0x00000000ef300000,0x00000000ef3da030,0x00000000ef500000)
  to   space 2048K, 0% used [0x00000000ef100000,0x00000000ef100000,0x00000000ef300000)
 ParOldGen       total 39936K, used 15034K [0x00000000c7800000, 0x00000000c9f00000, 0x00000000ed300000)
  object space 39936K, 37% used [0x00000000c7800000,0x00000000c86aeb68,0x00000000c9f00000)
 Metaspace       used 8841K, capacity 8983K, committed 9216K, reserved 1056768K
  class space    used 929K, capacity 986K, committed 1024K, reserved 1048576K
Event: 2.777 GC heap after
Heap after GC invocations=5 (full 0):
 PSYoungGen      total 32768K, used 872K [0x00000000ed300000, 0x00000000f1b00000, 0x0000000100000000)
  eden space 30720K, 0% used [0x00000000ed300000,0x00000000ed300000,0x00000000ef100000)
  from space 2048K, 42% used [0x00000000ef100000,0x00000000ef1da030,0x00000000ef300000)
  to   space 6144K, 0% used [0x00000000f1500000,0x00000000f1500000,0x00000000f1b00000)
 ParOldGen       total 39936K, used 23226K [0x00000000c7800000, 0x00000000c9f00000, 0x00000000ed300000)
  object space 39936K, 58% used [0x00000000c7800000,0x00000000c8eaeb88,0x00000000c9f00000)
 Metaspace       used 8841K, capacity 8983K, committed 9216K, reserved 1056768K
  class space    used 929K, capacity 986K, committed 1024K, reserved 1048576K
}
Event: 2.852 GC heap before
{Heap before GC invocations=6 (full 0):
 PSYoungGen      total 32768K, used 31592K [0x00000000ed300000, 0x00000000f1b00000, 0x0000000100000000)
  eden space 30720K, 100% used [0x00000000ed300000,0x00000000ef100000,0x00000000ef100000)
  from space 2048K, 42% used [0x00000000ef100000,0x00000000ef1da030,0x00000000ef300000)
  to   space 6144K, 0% used [0x00000000f1500000,0x00000000f1500000,0x00000000f1b00000)
 ParOldGen       total 39936K, used 23226K [0x00000000c7800000, 0x00000000c9f00000, 0x00000000ed300000)
  object space 39936K, 58% used [0x00000000c7800000,0x00000000c8eaeb88,0x00000000c9f00000)
 Metaspace       used 8841K, capacity 8983K, committed 9216K, reserved 1056768K
  class space    used 929K, capacity 986K, committed 1024K, reserved 1048576K
Event: 2.881 GC heap after
Heap after GC invocations=6 (full 0):
 PSYoungGen      total 67584K, used 2664K [0x00000000ed300000, 0x00000000f1b00000, 0x0000000100000000)
  eden space 61440K, 0% used [0x00000000ed300000,0x00000000ed300000,0x00000000f0f00000)
  from space 6144K, 43% used [0x00000000f1500000,0x00000000f179a288,0x00000000f1b00000)
  to   space 6144K, 0% used [0x00000000f0f00000,0x00000000f0f00000,0x00000000f1500000)
 ParOldGen       total 39936K, used 23226K [0x00000000c7800000, 0x00000000c9f00000, 0x00000000ed300000)
  object space 39936K, 58% used [0x00000000c7800000,0x00000000c8eaeb88,0x00000000c9f00000)
 Metaspace       used 8841K, capacity 8983K, committed 9216K, reserved 1056768K
  class space    used 929K, capacity 986K, committed 1024K, reserved 1048576K
}
Event: 3.914 GC heap before
{Heap before GC invocations=7 (full 0):
 PSYoungGen      total 67584K, used 64104K [0x00000000ed300000, 0x00000000f1b00000, 0x0000000100000000)
  eden space 61440K, 100% used [0x00000000ed300000,0x00000000f0f00000,0x00000000f0f00000)
  from space 6144K, 43% used [0x00000000f1500000,0x00000000f179a288,0x00000000f1b00000)
  to   space 6144K, 0% used [0x00000000f0f00000,0x00000000f0f00000,0x00000000f1500000)
 ParOldGen       total 39936K, used 23226K [0x00000000c7800000, 0x00000000c9f00000, 0x00000000ed300000)
  object space 39936K, 58% used [0x00000000c7800000,0x00000000c8eaeb88,0x00000000c9f00000)
 Metaspace       used 10134K, capacity 10287K, committed 10368K, reserved 1058816K
  class space    used 1054K, capacity 1120K, committed 1152K, reserved 1048576K
Event: 3.919 GC heap after
Heap after GC invocations=7 (full 0):
 PSYoungGen      total 67584K, used 539K [0x00000000ed300000, 0x00000000f5600000, 0x0000000100000000)
  eden space 61440K, 0% used [0x00000000ed300000,0x00000000ed300000,0x00000000f0f00000)
  from space 6144K, 8% used [0x00000000f0f00000,0x00000000f0f86fb0,0x00000000f1500000)
  to   space 5632K, 0% used [0x00000000f5080000,0x00000000f5080000,0x00000000f5600000)
 ParOldGen       total 39936K, used 23711K [0x00000000c7800000, 0x00000000c9f00000, 0x00000000ed300000)
  object space 39936K, 59% used [0x00000000c7800000,0x00000000c8f27cc8,0x00000000c9f00000)
 Metaspace       used 10134K, capacity 10287K, committed 10368K, reserved 1058816K
  class space    used 1054K, capacity 1120K, committed 1152K, reserved 1048576K
}

