# JRE version: Java(TM) SE Runtime Environment (8.0_181-b13) (build 1.8.0_181-b13)
# Java VM: Java HotSpot(TM) 64-Bit Server VM (25.181-b13 mixed mode windows-amd64 compressed oops)
Heap:
 PSYoungGen      total 67584K, used 20626K [0x00000000ed300000, 0x00000000f5800000, 0x0000000100000000)
  eden space 61440K, 26% used [0x00000000ed300000,0x00000000ee2cc8b8,0x00000000f0f00000)
  from space 6144K, 72% used [0x00000000f0f00000,0x00000000f1358040,0x00000000f1500000)
  to   space 6656K, 0% used [0x00000000f5180000,0x00000000f5180000,0x00000000f5800000)
 ParOldGen       total 39936K, used 25996K [0x00000000c7800000, 0x00000000c9f00000, 0x00000000ed300000)
  object space 39936K, 65% used [0x00000000c7800000,0x00000000c9163018,0x00000000c9f00000)
 Metaspace       used 13551K, capacity 13755K, committed 13952K, reserved 1060864K
  class space    used 1567K, capacity 1655K, committed 1664K, reserved 1048576K
GC Heap History (10 events):
Event: 2.417 GC heap before
{Heap before GC invocations=3 (full 0):
 PSYoungGen      total 17408K, used 17392K [0x00000000ed300000, 0x00000000ef500000, 0x0000000100000000)
  eden space 15360K, 100% used [0x00000000ed300000,0x00000000ee200000,0x00000000ee200000)
  from space 2048K, 99% used [0x00000000ee400000,0x00000000ee5fc020,0x00000000ee600000)
  to   space 2048K, 0% used [0x00000000ee200000,0x00000000ee200000,0x00000000ee400000)
 ParOldGen       total 39936K, used 4537K [0x00000000c7800000, 0x00000000c9f00000, 0x00000000ed300000)
  object space 39936K, 11% used [0x00000000c7800000,0x00000000c7c6e5b8,0x00000000c9f00000)
 Metaspace       used 8848K, capacity 8979K, committed 9216K, reserved 1056768K
  class space    used 929K, capacity 986K, committed 1024K, reserved 1048576K
Event: 2.443 GC heap after
Heap after GC invocations=3 (full 0):
 PSYoungGen      total 17408K, used 1400K [0x00000000ed300000, 0x00000000ef500000, 0x0000000100000000)
  eden space 15360K, 0% used [0x00000000ed300000,0x00000000ed300000,0x00000000ee200000)
  from space 2048K, 68% used [0x00000000ee200000,0x00000000ee35e020,0x00000000ee400000)
  to   space 2048K, 0% used [0x00000000ef300000,0x00000000ef300000,0x00000000ef500000)
 ParOldGen       total 39936K, used 16825K [0x00000000c7800000, 0x00000000c9f00000, 0x00000000ed300000)
  object space 39936K, 42% used [0x00000000c7800000,0x00000000c886e5e8,0x00000000c9f00000)
 Metaspace       used 8848K, capacity 8979K, committed 9216K, reserved 1056768K
  class space    used 929K, capacity 986K, committed 1024K, reserved 1048576K
}
Event: 2.526 GC heap before
{Heap before GC invocations=4 (full 0):
 PSYoungGen      total 17408K, used 16760K [0x00000000ed300000, 0x00000000ef500000, 0x0000000100000000)
  eden space 15360K, 100% used [0x00000000ed300000,0x00000000ee200000,0x00000000ee200000)
  from space 2048K, 68% used [0x00000000ee200000,0x00000000ee35e020,0x00000000ee400000)
  to   space 2048K, 0% used [0x00000000ef300000,0x00000000ef300000,0x00000000ef500000)
 ParOldGen       total 39936K, used 16825K [0x00000000c7800000, 0x00000000c9f00000, 0x00000000ed300000)
  object space 39936K, 42% used [0x00000000c7800000,0x00000000c886e5e8,0x00000000c9f00000)
 Metaspace       used 8857K, capacity 8979K, committed 9216K, reserved 1056768K
  class space    used 929K, capacity 986K, committed 1024K, reserved 1048576K
Event: 2.542 GC heap after
Heap after GC invocations=4 (full 0):
 PSYoungGen      total 32768K, used 1368K [0x00000000ed300000, 0x00000000ef500000, 0x0000000100000000)
  eden space 30720K, 0% used [0x00000000ed300000,0x00000000ed300000,0x00000000ef100000)
  from space 2048K, 66% used [0x00000000ef300000,0x00000000ef456020,0x00000000ef500000)
  to   space 2048K, 0% used [0x00000000ef100000,0x00000000ef100000,0x00000000ef300000)
 ParOldGen       total 39936K, used 16825K [0x00000000c7800000, 0x00000000c9f00000, 0x00000000ed300000)
  object space 39936K, 42% used [0x00000000c7800000,0x00000000c886e5e8,0x00000000c9f00000)
 Metaspace       used 8857K, capacity 8979K, committed 9216K, reserved 1056768K
  class space    used 929K, capacity 986K, committed 1024K, reserved 1048576K
}
Event: 2.728 GC heap before
{Heap before GC invocations=5 (full 0):
 PSYoungGen      total 32768K, used 32088K [0x00000000ed300000, 0x00000000ef500000, 0x0000000100000000)
  eden space 30720K, 100% used [0x00000000ed300000,0x00000000ef100000,0x00000000ef100000)
  from space 2048K, 66% used [0x00000000ef300000,0x00000000ef456020,0x00000000ef500000)
  to   space 2048K, 0% used [0x00000000ef100000,0x00000000ef100000,0x00000000ef300000)
 ParOldGen       total 39936K, used 16825K [0x00000000c7800000, 0x00000000c9f00000, 0x00000000ed300000)
  object space 39936K, 42% used [0x00000000c7800000,0x00000000c886e5e8,0x00000000c9f00000)
 Metaspace       used 8857K, capacity 8979K, committed 9216K, reserved 1056768K
  class space    used 929K, capacity 986K, committed 1024K, reserved 1048576K
Event: 2.753 GC heap after
Heap after GC invocations=5 (full 0):
 PSYoungGen      total 32768K, used 1368K [0x00000000ed300000, 0x00000000f1b00000, 0x0000000100000000)
  eden space 30720K, 0% used [0x00000000ed300000,0x00000000ed300000,0x00000000ef100000)
  from space 2048K, 66% used [0x00000000ef100000,0x00000000ef256020,0x00000000ef300000)
  to   space 6144K, 0% used [0x00000000f1500000,0x00000000f1500000,0x00000000f1b00000)
 ParOldGen       total 39936K, used 25017K [0x00000000c7800000, 0x00000000c9f00000, 0x00000000ed300000)
  object space 39936K, 62% used [0x00000000c7800000,0x00000000c906e608,0x00000000c9f00000)
 Metaspace       used 8857K, capacity 8979K, committed 9216K, reserved 1056768K
  class space    used 929K, capacity 986K, committed 1024K, reserved 1048576K
}
Event: 2.831 GC heap before
{Heap before GC invocations=6 (full 0):
 PSYoungGen      total 32768K, used 31111K [0x00000000ed300000, 0x00000000f1b00000, 0x0000000100000000)
  eden space 30720K, 96% used [0x00000000ed300000,0x00000000ef00bfd0,0x00000000ef100000)
  from space 2048K, 66% used [0x00000000ef100000,0x00000000ef256020,0x00000000ef300000)
  to   space 6144K, 0% used [0x00000000f1500000,0x00000000f1500000,0x00000000f1b00000)
 ParOldGen       total 39936K, used 25017K [0x00000000c7800000, 0x00000000c9f00000, 0x00000000ed300000)
  object space 39936K, 62% used [0x00000000c7800000,0x00000000c906e608,0x00000000c9f00000)
 Metaspace       used 8857K, capacity 8979K, committed 9216K, reserved 1056768K
  class space    used 929K, capacity 986K, committed 1024K, reserved 1048576K
Event: 2.844 GC heap after
Heap after GC invocations=6 (full 0):
 PSYoungGen      total 67584K, used 2120K [0x00000000ed300000, 0x00000000f1b00000, 0x0000000100000000)
  eden space 61440K, 0% used [0x00000000ed300000,0x00000000ed300000,0x00000000f0f00000)
  from space 6144K, 34% used [0x00000000f1500000,0x00000000f1712278,0x00000000f1b00000)
  to   space 6144K, 0% used [0x00000000f0f00000,0x00000000f0f00000,0x00000000f1500000)
 ParOldGen       total 39936K, used 25017K [0x00000000c7800000, 0x00000000c9f00000, 0x00000000ed300000)
  object space 39936K, 62% used [0x00000000c7800000,0x00000000c906e608,0x00000000c9f00000)
 Metaspace       used 8857K, capacity 8979K, committed 9216K, reserved 1056768K
  class space    used 929K, capacity 986K, committed 1024K, reserved 1048576K
}
Event: 3.442 GC heap before
{Heap before GC invocations=7 (full 0):
 PSYoungGen      total 67584K, used 63560K [0x00000000ed300000, 0x00000000f1b00000, 0x0000000100000000)
  eden space 61440K, 100% used [0x00000000ed300000,0x00000000f0f00000,0x00000000f0f00000)
  from space 6144K, 34% used [0x00000000f1500000,0x00000000f1712278,0x00000000f1b00000)
  to   space 6144K, 0% used [0x00000000f0f00000,0x00000000f0f00000,0x00000000f1500000)
 ParOldGen       total 39936K, used 25017K [0x00000000c7800000, 0x00000000c9f00000, 0x00000000ed300000)
  object space 39936K, 62% used [0x00000000c7800000,0x00000000c906e608,0x00000000c9f00000)
 Metaspace       used 9780K, capacity 9931K, committed 10112K, reserved 1058816K
  class space    used 1017K, capacity 1088K, committed 1152K, reserved 1048576K
Event: 3.448 GC heap after
Heap after GC invocations=7 (full 0):
 PSYoungGen      total 67584K, used 4448K [0x00000000ed300000, 0x00000000f5800000, 0x0000000100000000)
  eden space 61440K, 0% used [0x00000000ed300000,0x00000000ed300000,0x00000000f0f00000)
  from space 6144K, 72% used [0x00000000f0f00000,0x00000000f1358040,0x00000000f1500000)
  to   space 6656K, 0% used [0x00000000f5180000,0x00000000f5180000,0x00000000f5800000)
 ParOldGen       total 39936K, used 25996K [0x00000000c7800000, 0x00000000c9f00000, 0x00000000ed300000)
  object space 39936K, 65% used [0x00000000c7800000,0x00000000c9163018,0x00000000c9f00000)
 Metaspace       used 9780K, capacity 9931K, committed 10112K, reserved 1058816K
  class space    used 1017K, capacity 1088K, committed 1152K, reserved 1048576K
}

