# JRE version: Java(TM) SE Runtime Environment (8.0_181-b13) (build 1.8.0_181-b13)
# Java VM: Java HotSpot(TM) 64-Bit Server VM (25.181-b13 mixed mode windows-amd64 compressed oops)
Heap:
 PSYoungGen      total 67584K, used 20616K [0x00000000ed300000, 0x00000000f5800000, 0x0000000100000000)
  eden space 61440K, 26% used [0x00000000ed300000,0x00000000ee2ca1d8,0x00000000f0f00000)
  from space 6144K, 72% used [0x00000000f0f00000,0x00000000f1358040,0x00000000f1500000)
  to   space 6656K, 0% used [0x00000000f5180000,0x00000000f5180000,0x00000000f5800000)
 ParOldGen       total 39936K, used 17452K [0x00000000c7800000, 0x00000000c9f00000, 0x00000000ed300000)
  object space 39936K, 43% used [0x00000000c7800000,0x00000000c890b2a0,0x00000000c9f00000)
 Metaspace       used 13558K, capacity 13755K, committed 13952K, reserved 1060864K
  class space    used 1566K, capacity 1655K, committed 1664K, reserved 1048576K
GC Heap History (10 events):
Event: 2.551 GC heap before
{Heap before GC invocations=3 (full 0):
 PSYoungGen      total 17408K, used 17393K [0x00000000ed300000, 0x00000000ef500000, 0x0000000100000000)
  eden space 15360K, 100% used [0x00000000ed300000,0x00000000ee200000,0x00000000ee200000)
  from space 2048K, 99% used [0x00000000ee400000,0x00000000ee5fc498,0x00000000ee600000)
  to   space 2048K, 0% used [0x00000000ee200000,0x00000000ee200000,0x00000000ee400000)
 ParOldGen       total 39936K, used 4526K [0x00000000c7800000, 0x00000000c9f00000, 0x00000000ed300000)
  object space 39936K, 11% used [0x00000000c7800000,0x00000000c7c6bbc8,0x00000000c9f00000)
 Metaspace       used 8846K, capacity 8979K, committed 9216K, reserved 1056768K
  class space    used 929K, capacity 986K, committed 1024K, reserved 1048576K
Event: 2.612 GC heap after
Heap after GC invocations=3 (full 0):
 PSYoungGen      total 17408K, used 1000K [0x00000000ed300000, 0x00000000ef500000, 0x0000000100000000)
  eden space 15360K, 0% used [0x00000000ed300000,0x00000000ed300000,0x00000000ee200000)
  from space 2048K, 48% used [0x00000000ee200000,0x00000000ee2fa010,0x00000000ee400000)
  to   space 2048K, 0% used [0x00000000ef300000,0x00000000ef300000,0x00000000ef500000)
 ParOldGen       total 39936K, used 12718K [0x00000000c7800000, 0x00000000c9f00000, 0x00000000ed300000)
  object space 39936K, 31% used [0x00000000c7800000,0x00000000c846bbe8,0x00000000c9f00000)
 Metaspace       used 8846K, capacity 8979K, committed 9216K, reserved 1056768K
  class space    used 929K, capacity 986K, committed 1024K, reserved 1048576K
}
Event: 2.686 GC heap before
{Heap before GC invocations=4 (full 0):
 PSYoungGen      total 17408K, used 16360K [0x00000000ed300000, 0x00000000ef500000, 0x0000000100000000)
  eden space 15360K, 100% used [0x00000000ed300000,0x00000000ee200000,0x00000000ee200000)
  from space 2048K, 48% used [0x00000000ee200000,0x00000000ee2fa010,0x00000000ee400000)
  to   space 2048K, 0% used [0x00000000ef300000,0x00000000ef300000,0x00000000ef500000)
 ParOldGen       total 39936K, used 12718K [0x00000000c7800000, 0x00000000c9f00000, 0x00000000ed300000)
  object space 39936K, 31% used [0x00000000c7800000,0x00000000c846bbe8,0x00000000c9f00000)
 Metaspace       used 8855K, capacity 8979K, committed 9216K, reserved 1056768K
  class space    used 929K, capacity 986K, committed 1024K, reserved 1048576K
Event: 2.714 GC heap after
Heap after GC invocations=4 (full 0):
 PSYoungGen      total 32768K, used 1000K [0x00000000ed300000, 0x00000000ef500000, 0x0000000100000000)
  eden space 30720K, 0% used [0x00000000ed300000,0x00000000ed300000,0x00000000ef100000)
  from space 2048K, 48% used [0x00000000ef300000,0x00000000ef3fa010,0x00000000ef500000)
  to   space 2048K, 0% used [0x00000000ef100000,0x00000000ef100000,0x00000000ef300000)
 ParOldGen       total 39936K, used 12718K [0x00000000c7800000, 0x00000000c9f00000, 0x00000000ed300000)
  object space 39936K, 31% used [0x00000000c7800000,0x00000000c846bbe8,0x00000000c9f00000)
 Metaspace       used 8855K, capacity 8979K, committed 9216K, reserved 1056768K
  class space    used 929K, capacity 986K, committed 1024K, reserved 1048576K
}
Event: 2.847 GC heap before
{Heap before GC invocations=5 (full 0):
 PSYoungGen      total 32768K, used 31720K [0x00000000ed300000, 0x00000000ef500000, 0x0000000100000000)
  eden space 30720K, 100% used [0x00000000ed300000,0x00000000ef100000,0x00000000ef100000)
  from space 2048K, 48% used [0x00000000ef300000,0x00000000ef3fa010,0x00000000ef500000)
  to   space 2048K, 0% used [0x00000000ef100000,0x00000000ef100000,0x00000000ef300000)
 ParOldGen       total 39936K, used 12718K [0x00000000c7800000, 0x00000000c9f00000, 0x00000000ed300000)
  object space 39936K, 31% used [0x00000000c7800000,0x00000000c846bbe8,0x00000000c9f00000)
 Metaspace       used 8855K, capacity 8979K, committed 9216K, reserved 1056768K
  class space    used 929K, capacity 986K, committed 1024K, reserved 1048576K
Event: 2.870 GC heap after
Heap after GC invocations=5 (full 0):
 PSYoungGen      total 32768K, used 1000K [0x00000000ed300000, 0x00000000f1c00000, 0x0000000100000000)
  eden space 30720K, 0% used [0x00000000ed300000,0x00000000ed300000,0x00000000ef100000)
  from space 2048K, 48% used [0x00000000ef100000,0x00000000ef1fa010,0x00000000ef300000)
  to   space 6656K, 0% used [0x00000000f1580000,0x00000000f1580000,0x00000000f1c00000)
 ParOldGen       total 39936K, used 16814K [0x00000000c7800000, 0x00000000c9f00000, 0x00000000ed300000)
  object space 39936K, 42% used [0x00000000c7800000,0x00000000c886bbf8,0x00000000c9f00000)
 Metaspace       used 8855K, capacity 8979K, committed 9216K, reserved 1056768K
  class space    used 929K, capacity 986K, committed 1024K, reserved 1048576K
}
Event: 2.948 GC heap before
{Heap before GC invocations=6 (full 0):
 PSYoungGen      total 32768K, used 30745K [0x00000000ed300000, 0x00000000f1c00000, 0x0000000100000000)
  eden space 30720K, 96% used [0x00000000ed300000,0x00000000ef00c728,0x00000000ef100000)
  from space 2048K, 48% used [0x00000000ef100000,0x00000000ef1fa010,0x00000000ef300000)
  to   space 6656K, 0% used [0x00000000f1580000,0x00000000f1580000,0x00000000f1c00000)
 ParOldGen       total 39936K, used 16814K [0x00000000c7800000, 0x00000000c9f00000, 0x00000000ed300000)
  object space 39936K, 42% used [0x00000000c7800000,0x00000000c886bbf8,0x00000000c9f00000)
 Metaspace       used 8856K, capacity 8979K, committed 9216K, reserved 1056768K
  class space    used 929K, capacity 986K, committed 1024K, reserved 1048576K
Event: 2.962 GC heap after
Heap after GC invocations=6 (full 0):
 PSYoungGen      total 67072K, used 1752K [0x00000000ed300000, 0x00000000f1b00000, 0x0000000100000000)
  eden space 61440K, 0% used [0x00000000ed300000,0x00000000ed300000,0x00000000f0f00000)
  from space 5632K, 31% used [0x00000000f1580000,0x00000000f1736268,0x00000000f1b00000)
  to   space 6144K, 0% used [0x00000000f0f00000,0x00000000f0f00000,0x00000000f1500000)
 ParOldGen       total 39936K, used 16814K [0x00000000c7800000, 0x00000000c9f00000, 0x00000000ed300000)
  object space 39936K, 42% used [0x00000000c7800000,0x00000000c886bbf8,0x00000000c9f00000)
 Metaspace       used 8856K, capacity 8979K, committed 9216K, reserved 1056768K
  class space    used 929K, capacity 986K, committed 1024K, reserved 1048576K
}
Event: 3.574 GC heap before
{Heap before GC invocations=7 (full 0):
 PSYoungGen      total 67072K, used 63192K [0x00000000ed300000, 0x00000000f1b00000, 0x0000000100000000)
  eden space 61440K, 100% used [0x00000000ed300000,0x00000000f0f00000,0x00000000f0f00000)
  from space 5632K, 31% used [0x00000000f1580000,0x00000000f1736268,0x00000000f1b00000)
  to   space 6144K, 0% used [0x00000000f0f00000,0x00000000f0f00000,0x00000000f1500000)
 ParOldGen       total 39936K, used 16814K [0x00000000c7800000, 0x00000000c9f00000, 0x00000000ed300000)
  object space 39936K, 42% used [0x00000000c7800000,0x00000000c886bbf8,0x00000000c9f00000)
 Metaspace       used 9780K, capacity 9931K, committed 10112K, reserved 1058816K
  class space    used 1017K, capacity 1088K, committed 1152K, reserved 1048576K
Event: 3.580 GC heap after
Heap after GC invocations=7 (full 0):
 PSYoungGen      total 67584K, used 4448K [0x00000000ed300000, 0x00000000f5800000, 0x0000000100000000)
  eden space 61440K, 0% used [0x00000000ed300000,0x00000000ed300000,0x00000000f0f00000)
  from space 6144K, 72% used [0x00000000f0f00000,0x00000000f1358040,0x00000000f1500000)
  to   space 6656K, 0% used [0x00000000f5180000,0x00000000f5180000,0x00000000f5800000)
 ParOldGen       total 39936K, used 17452K [0x00000000c7800000, 0x00000000c9f00000, 0x00000000ed300000)
  object space 39936K, 43% used [0x00000000c7800000,0x00000000c890b2a0,0x00000000c9f00000)
 Metaspace       used 9780K, capacity 9931K, committed 10112K, reserved 1058816K
  class space    used 1017K, capacity 1088K, committed 1152K, reserved 1048576K
}

