# JRE version: Java(TM) SE Runtime Environment (8.0_181-b13) (build 1.8.0_181-b13)
# Java VM: Java HotSpot(TM) 64-Bit Server VM (25.181-b13 mixed mode windows-amd64 compressed oops)
Heap:
 PSYoungGen      total 63488K, used 45254K [0x00000000ed300000, 0x00000000f5700000, 0x0000000100000000)
  eden space 61440K, 70% used [0x00000000ed300000,0x00000000efd75ab0,0x00000000f0f00000)
  from space 2048K, 86% used [0x00000000f0f00000,0x00000000f10bc020,0x00000000f1100000)
  to   space 6144K, 0% used [0x00000000f5100000,0x00000000f5100000,0x00000000f5700000)
 ParOldGen       total 39936K, used 20190K [0x00000000c7800000, 0x00000000c9f00000, 0x00000000ed300000)
  object space 39936K, 50% used [0x00000000c7800000,0x00000000c8bb7b78,0x00000000c9f00000)
 Metaspace       used 13540K, capacity 13751K, committed 13952K, reserved 1060864K
  class space    used 1561K, capacity 1655K, committed 1664K, reserved 1048576K
GC Heap History (10 events):
Event: 2.048 GC heap before
{Heap before GC invocations=1 (full 0):
 PSYoungGen      total 17408K, used 15360K [0x00000000ed300000, 0x00000000ee600000, 0x0000000100000000)
  eden space 15360K, 100% used [0x00000000ed300000,0x00000000ee200000,0x00000000ee200000)
  from space 2048K, 0% used [0x00000000ee400000,0x00000000ee400000,0x00000000ee600000)
  to   space 2048K, 0% used [0x00000000ee200000,0x00000000ee200000,0x00000000ee400000)
 ParOldGen       total 39936K, used 0K [0x00000000c7800000, 0x00000000c9f00000, 0x00000000ed300000)
  object space 39936K, 0% used [0x00000000c7800000,0x00000000c7800000,0x00000000c9f00000)
 Metaspace       used 8780K, capacity 8911K, committed 8960K, reserved 1056768K
  class space    used 928K, capacity 986K, committed 1024K, reserved 1048576K
Event: 2.095 GC heap after
Heap after GC invocations=1 (full 0):
 PSYoungGen      total 17408K, used 2017K [0x00000000ed300000, 0x00000000ef500000, 0x0000000100000000)
  eden space 15360K, 0% used [0x00000000ed300000,0x00000000ed300000,0x00000000ee200000)
  from space 2048K, 98% used [0x00000000ee200000,0x00000000ee3f84a8,0x00000000ee400000)
  to   space 2048K, 0% used [0x00000000ef300000,0x00000000ef300000,0x00000000ef500000)
 ParOldGen       total 39936K, used 3790K [0x00000000c7800000, 0x00000000c9f00000, 0x00000000ed300000)
  object space 39936K, 9% used [0x00000000c7800000,0x00000000c7bb3b08,0x00000000c9f00000)
 Metaspace       used 8780K, capacity 8911K, committed 8960K, reserved 1056768K
  class space    used 928K, capacity 986K, committed 1024K, reserved 1048576K
}
Event: 2.199 GC heap before
{Heap before GC invocations=2 (full 0):
 PSYoungGen      total 17408K, used 17377K [0x00000000ed300000, 0x00000000ef500000, 0x0000000100000000)
  eden space 15360K, 100% used [0x00000000ed300000,0x00000000ee200000,0x00000000ee200000)
  from space 2048K, 98% used [0x00000000ee200000,0x00000000ee3f84a8,0x00000000ee400000)
  to   space 2048K, 0% used [0x00000000ef300000,0x00000000ef300000,0x00000000ef500000)
 ParOldGen       total 39936K, used 3790K [0x00000000c7800000, 0x00000000c9f00000, 0x00000000ed300000)
  object space 39936K, 9% used [0x00000000c7800000,0x00000000c7bb3b08,0x00000000c9f00000)
 Metaspace       used 8796K, capacity 8911K, committed 8960K, reserved 1056768K
  class space    used 928K, capacity 986K, committed 1024K, reserved 1048576K
Event: 2.206 GC heap after
Heap after GC invocations=2 (full 0):
 PSYoungGen      total 32768K, used 1905K [0x00000000ed300000, 0x00000000ef500000, 0x0000000100000000)
  eden space 30720K, 0% used [0x00000000ed300000,0x00000000ed300000,0x00000000ef100000)
  from space 2048K, 93% used [0x00000000ef300000,0x00000000ef4dc498,0x00000000ef500000)
  to   space 2048K, 0% used [0x00000000ef100000,0x00000000ef100000,0x00000000ef300000)
 ParOldGen       total 39936K, used 6870K [0x00000000c7800000, 0x00000000c9f00000, 0x00000000ed300000)
  object space 39936K, 17% used [0x00000000c7800000,0x00000000c7eb5b38,0x00000000c9f00000)
 Metaspace       used 8796K, capacity 8911K, committed 8960K, reserved 1056768K
  class space    used 928K, capacity 986K, committed 1024K, reserved 1048576K
}
Event: 2.600 GC heap before
{Heap before GC invocations=3 (full 0):
 PSYoungGen      total 32768K, used 32625K [0x00000000ed300000, 0x00000000ef500000, 0x0000000100000000)
  eden space 30720K, 100% used [0x00000000ed300000,0x00000000ef100000,0x00000000ef100000)
  from space 2048K, 93% used [0x00000000ef300000,0x00000000ef4dc498,0x00000000ef500000)
  to   space 2048K, 0% used [0x00000000ef100000,0x00000000ef100000,0x00000000ef300000)
 ParOldGen       total 39936K, used 6870K [0x00000000c7800000, 0x00000000c9f00000, 0x00000000ed300000)
  object space 39936K, 17% used [0x00000000c7800000,0x00000000c7eb5b38,0x00000000c9f00000)
 Metaspace       used 8833K, capacity 8975K, committed 9216K, reserved 1056768K
  class space    used 929K, capacity 986K, committed 1024K, reserved 1048576K
Event: 2.653 GC heap after
Heap after GC invocations=3 (full 0):
 PSYoungGen      total 32768K, used 856K [0x00000000ed300000, 0x00000000f1300000, 0x0000000100000000)
  eden space 30720K, 0% used [0x00000000ed300000,0x00000000ed300000,0x00000000ef100000)
  from space 2048K, 41% used [0x00000000ef100000,0x00000000ef1d6020,0x00000000ef300000)
  to   space 2048K, 0% used [0x00000000f1100000,0x00000000f1100000,0x00000000f1300000)
 ParOldGen       total 39936K, used 15062K [0x00000000c7800000, 0x00000000c9f00000, 0x00000000ed300000)
  object space 39936K, 37% used [0x00000000c7800000,0x00000000c86b5b58,0x00000000c9f00000)
 Metaspace       used 8833K, capacity 8975K, committed 9216K, reserved 1056768K
  class space    used 929K, capacity 986K, committed 1024K, reserved 1048576K
}
Event: 2.805 GC heap before
{Heap before GC invocations=4 (full 0):
 PSYoungGen      total 32768K, used 31576K [0x00000000ed300000, 0x00000000f1300000, 0x0000000100000000)
  eden space 30720K, 100% used [0x00000000ed300000,0x00000000ef100000,0x00000000ef100000)
  from space 2048K, 41% used [0x00000000ef100000,0x00000000ef1d6020,0x00000000ef300000)
  to   space 2048K, 0% used [0x00000000f1100000,0x00000000f1100000,0x00000000f1300000)
 ParOldGen       total 39936K, used 15062K [0x00000000c7800000, 0x00000000c9f00000, 0x00000000ed300000)
  object space 39936K, 37% used [0x00000000c7800000,0x00000000c86b5b58,0x00000000c9f00000)
 Metaspace       used 8833K, capacity 8975K, committed 9216K, reserved 1056768K
  class space    used 929K, capacity 986K, committed 1024K, reserved 1048576K
Event: 2.824 GC heap after
Heap after GC invocations=4 (full 0):
 PSYoungGen      total 63488K, used 824K [0x00000000ed300000, 0x00000000f1300000, 0x0000000100000000)
  eden space 61440K, 0% used [0x00000000ed300000,0x00000000ed300000,0x00000000f0f00000)
  from space 2048K, 40% used [0x00000000f1100000,0x00000000f11ce020,0x00000000f1300000)
  to   space 2048K, 0% used [0x00000000f0f00000,0x00000000f0f00000,0x00000000f1100000)
 ParOldGen       total 39936K, used 19158K [0x00000000c7800000, 0x00000000c9f00000, 0x00000000ed300000)
  object space 39936K, 47% used [0x00000000c7800000,0x00000000c8ab5b68,0x00000000c9f00000)
 Metaspace       used 8833K, capacity 8975K, committed 9216K, reserved 1056768K
  class space    used 929K, capacity 986K, committed 1024K, reserved 1048576K
}
Event: 3.471 GC heap before
{Heap before GC invocations=5 (full 0):
 PSYoungGen      total 63488K, used 62264K [0x00000000ed300000, 0x00000000f1300000, 0x0000000100000000)
  eden space 61440K, 100% used [0x00000000ed300000,0x00000000f0f00000,0x00000000f0f00000)
  from space 2048K, 40% used [0x00000000f1100000,0x00000000f11ce020,0x00000000f1300000)
  to   space 2048K, 0% used [0x00000000f0f00000,0x00000000f0f00000,0x00000000f1100000)
 ParOldGen       total 39936K, used 19158K [0x00000000c7800000, 0x00000000c9f00000, 0x00000000ed300000)
  object space 39936K, 47% used [0x00000000c7800000,0x00000000c8ab5b68,0x00000000c9f00000)
 Metaspace       used 9670K, capacity 9799K, committed 10112K, reserved 1058816K
  class space    used 1017K, capacity 1088K, committed 1152K, reserved 1048576K
Event: 3.478 GC heap after
Heap after GC invocations=5 (full 0):
 PSYoungGen      total 63488K, used 1776K [0x00000000ed300000, 0x00000000f5700000, 0x0000000100000000)
  eden space 61440K, 0% used [0x00000000ed300000,0x00000000ed300000,0x00000000f0f00000)
  from space 2048K, 86% used [0x00000000f0f00000,0x00000000f10bc020,0x00000000f1100000)
  to   space 6144K, 0% used [0x00000000f5100000,0x00000000f5100000,0x00000000f5700000)
 ParOldGen       total 39936K, used 20190K [0x00000000c7800000, 0x00000000c9f00000, 0x00000000ed300000)
  object space 39936K, 50% used [0x00000000c7800000,0x00000000c8bb7b78,0x00000000c9f00000)
 Metaspace       used 9670K, capacity 9799K, committed 10112K, reserved 1058816K
  class space    used 1017K, capacity 1088K, committed 1152K, reserved 1048576K
}

